# JRE version: Java(TM) SE Runtime Environment (21.0.5+9) (build 21.0.5+9-LTS-239)
# Java VM: Java HotSpot(TM) 64-Bit Server VM (21.0.5+9-LTS-239, mixed mode, sharing, tiered, compressed oops, compressed class ptrs, g1 gc, windows-amd64)
GC Precious Log:
 CardTable entry size: 512
 Card Set container configuration: InlinePtr #cards 5 size 8 Array Of Cards #cards 12 size 40 Howl #buckets 4 coarsen threshold 1843 Howl Bitmap #cards 512 size 80 coarsen threshold 460 Card regions per heap region 1 cards per card region 2048
 CPUs: 8 total, 8 available
 Memory: 3429M
 Large Page Support: Disabled
 NUMA Support: Disabled
 Compressed Oops: Enabled (32-bit)
 Heap Region Size: 1M
 Heap Min Capacity: 8M
 Heap Initial Capacity: 54M
 Heap Max Capacity: 858M
 Pre-touch: Disabled
 Parallel Workers: 8
 Concurrent Workers: 2
 Concurrent Refinement Workers: 8
 Periodic GC: Disabled
Heap:
 garbage-first heap   total 61440K, used 35436K [0x00000000ca600000, 0x0000000100000000)
  region size 1024K, 20 young (20480K), 4 survivors (4096K)
 Metaspace       used 35082K, committed 35648K, reserved 1114112K
  class space    used 4591K, committed 4864K, reserved 1048576K
GC Heap History (14 events):
Event: 0.896 GC heap before
{Heap before GC invocations=0 (full 0):
 garbage-first heap   total 55296K, used 23552K [0x00000000ca600000, 0x0000000100000000)
  region size 1024K, 23 young (23552K), 0 survivors (0K)
 Metaspace       used 5669K, committed 5824K, reserved 1114112K
  class space    used 645K, committed 704K, reserved 1048576K
}
Event: 0.905 GC heap after
{Heap after GC invocations=1 (full 0):
 garbage-first heap   total 55296K, used 7424K [0x00000000ca600000, 0x0000000100000000)
  region size 1024K, 3 young (3072K), 3 survivors (3072K)
 Metaspace       used 5669K, committed 5824K, reserved 1114112K
  class space    used 645K, committed 704K, reserved 1048576K
}
Event: 1.724 GC heap before
{Heap before GC invocations=1 (full 0):
 garbage-first heap   total 55296K, used 29952K [0x00000000ca600000, 0x0000000100000000)
  region size 1024K, 25 young (25600K), 3 survivors (3072K)
 Metaspace       used 11627K, committed 11840K, reserved 1114112K
  class space    used 1439K, committed 1536K, reserved 1048576K
}
Event: 1.733 GC heap after
{Heap after GC invocations=2 (full 0):
 garbage-first heap   total 55296K, used 9551K [0x00000000ca600000, 0x0000000100000000)
  region size 1024K, 2 young (2048K), 2 survivors (2048K)
 Metaspace       used 11627K, committed 11840K, reserved 1114112K
  class space    used 1439K, committed 1536K, reserved 1048576K
}
Event: 2.207 GC heap before
{Heap before GC invocations=2 (full 0):
 garbage-first heap   total 55296K, used 32079K [0x00000000ca600000, 0x0000000100000000)
  region size 1024K, 25 young (25600K), 2 survivors (2048K)
 Metaspace       used 17379K, committed 17728K, reserved 1114112K
  class space    used 2202K, committed 2368K, reserved 1048576K
}
Event: 2.212 GC heap after
{Heap after GC invocations=3 (full 0):
 garbage-first heap   total 55296K, used 10972K [0x00000000ca600000, 0x0000000100000000)
  region size 1024K, 4 young (4096K), 4 survivors (4096K)
 Metaspace       used 17379K, committed 17728K, reserved 1114112K
  class space    used 2202K, committed 2368K, reserved 1048576K
}
Event: 2.411 GC heap before
{Heap before GC invocations=3 (full 0):
 garbage-first heap   total 55296K, used 26332K [0x00000000ca600000, 0x0000000100000000)
  region size 1024K, 21 young (21504K), 4 survivors (4096K)
 Metaspace       used 21187K, committed 21504K, reserved 1114112K
  class space    used 2699K, committed 2816K, reserved 1048576K
}
Event: 2.415 GC heap after
{Heap after GC invocations=4 (full 0):
 garbage-first heap   total 55296K, used 12309K [0x00000000ca600000, 0x0000000100000000)
  region size 1024K, 3 young (3072K), 3 survivors (3072K)
 Metaspace       used 21187K, committed 21504K, reserved 1114112K
  class space    used 2699K, committed 2816K, reserved 1048576K
}
Event: 3.072 GC heap before
{Heap before GC invocations=5 (full 0):
 garbage-first heap   total 51200K, used 38933K [0x00000000ca600000, 0x0000000100000000)
  region size 1024K, 30 young (30720K), 3 survivors (3072K)
 Metaspace       used 23960K, committed 24320K, reserved 1114112K
  class space    used 3026K, committed 3200K, reserved 1048576K
}
Event: 3.080 GC heap after
{Heap after GC invocations=6 (full 0):
 garbage-first heap   total 51200K, used 14916K [0x00000000ca600000, 0x0000000100000000)
  region size 1024K, 4 young (4096K), 4 survivors (4096K)
 Metaspace       used 23960K, committed 24320K, reserved 1114112K
  class space    used 3026K, committed 3200K, reserved 1048576K
}
Event: 3.897 GC heap before
{Heap before GC invocations=6 (full 0):
 garbage-first heap   total 51200K, used 39492K [0x00000000ca600000, 0x0000000100000000)
  region size 1024K, 28 young (28672K), 4 survivors (4096K)
 Metaspace       used 27053K, committed 27456K, reserved 1114112K
  class space    used 3466K, committed 3648K, reserved 1048576K
}
Event: 3.905 GC heap after
{Heap after GC invocations=7 (full 0):
 garbage-first heap   total 61440K, used 16970K [0x00000000ca600000, 0x0000000100000000)
  region size 1024K, 3 young (3072K), 3 survivors (3072K)
 Metaspace       used 27053K, committed 27456K, reserved 1114112K
  class space    used 3466K, committed 3648K, reserved 1048576K
}
Event: 4.697 GC heap before
{Heap before GC invocations=7 (full 0):
 garbage-first heap   total 61440K, used 45642K [0x00000000ca600000, 0x0000000100000000)
  region size 1024K, 32 young (32768K), 3 survivors (3072K)
 Metaspace       used 31334K, committed 31808K, reserved 1114112K
  class space    used 4077K, committed 4288K, reserved 1048576K
}
Event: 4.707 GC heap after
{Heap after GC invocations=8 (full 0):
 garbage-first heap   total 61440K, used 20076K [0x00000000ca600000, 0x0000000100000000)
  region size 1024K, 4 young (4096K), 4 survivors (4096K)
 Metaspace       used 31334K, committed 31808K, reserved 1114112K
  class space    used 4077K, committed 4288K, reserved 1048576K
}

